  [1m[35m (1443.3ms)[0m  [1m[35mCREATE DATABASE "story_api_development" ENCODING = 'unicode'[0m
  [1m[35m (654.3ms)[0m  [1m[35mCREATE DATABASE "story_api_test" ENCODING = 'unicode'[0m
  [1m[35m (24.8ms)[0m  [1m[35mCREATE TABLE "schema_migrations" ("version" character varying NOT NULL PRIMARY KEY)[0m
  [1m[35m (30.3ms)[0m  [1m[35mCREATE TABLE "ar_internal_metadata" ("key" character varying NOT NULL PRIMARY KEY, "value" character varying, "created_at" timestamp(6) NOT NULL, "updated_at" timestamp(6) NOT NULL)[0m
  [1m[35m (0.7ms)[0m  [1m[34mSELECT pg_try_advisory_lock(2534895611416156590)[0m
  [1m[35m (10.1ms)[0m  [1m[34mSELECT "schema_migrations"."version" FROM "schema_migrations" ORDER BY "schema_migrations"."version" ASC[0m
Migrating to CreateStories (20200403150610)
  [1m[35m (9.9ms)[0m  [1m[35mBEGIN[0m
  [1m[35m (14.8ms)[0m  [1m[35mCREATE TABLE "stories" ("id" bigserial primary key, "name" character varying, "body" character varying, "created_at" timestamp(6) NOT NULL, "updated_at" timestamp(6) NOT NULL)[0m
  [1m[36mprimary::SchemaMigration Create (285.3ms)[0m  [1m[32mINSERT INTO "schema_migrations" ("version") VALUES ($1) RETURNING "version"[0m  [["version", "20200403150610"]]
  [1m[35m (5.9ms)[0m  [1m[35mCOMMIT[0m
  [1m[36mActiveRecord::InternalMetadata Load (21.1ms)[0m  [1m[34mSELECT "ar_internal_metadata".* FROM "ar_internal_metadata" WHERE "ar_internal_metadata"."key" = $1 LIMIT $2[0m  [["key", "environment"], ["LIMIT", 1]]
  [1m[35m (20.0ms)[0m  [1m[35mBEGIN[0m
  [1m[36mActiveRecord::InternalMetadata Create (8.3ms)[0m  [1m[32mINSERT INTO "ar_internal_metadata" ("key", "value", "created_at", "updated_at") VALUES ($1, $2, $3, $4) RETURNING "key"[0m  [["key", "environment"], ["value", "development"], ["created_at", "2020-04-03 15:06:37.093702"], ["updated_at", "2020-04-03 15:06:37.093702"]]
  [1m[35m (2.8ms)[0m  [1m[35mCOMMIT[0m
  [1m[35m (0.4ms)[0m  [1m[34mSELECT pg_advisory_unlock(2534895611416156590)[0m
  [1m[35m (132.7ms)[0m  [1m[34mSELECT "schema_migrations"."version" FROM "schema_migrations" ORDER BY "schema_migrations"."version" ASC[0m
  [1m[35m (0.2ms)[0m  [1m[35mBEGIN[0m
  [1m[36mStory Create (20.3ms)[0m  [1m[32mINSERT INTO "stories" ("name", "body", "created_at", "updated_at") VALUES ($1, $2, $3, $4) RETURNING "id"[0m  [["name", "Madhav"], ["body", "Just for testing purpose"], ["created_at", "2020-04-03 15:07:52.608617"], ["updated_at", "2020-04-03 15:07:52.608617"]]
  [1m[35m (8.8ms)[0m  [1m[35mCOMMIT[0m
Started GET "/" for ::1 at 2020-04-03 11:08:20 -0400
  [1m[35m (0.8ms)[0m  [1m[34mSELECT "schema_migrations"."version" FROM "schema_migrations" ORDER BY "schema_migrations"."version" ASC[0m
Processing by Rails::WelcomeController#index as HTML
  Rendering /Users/madhavpokhrel/.rbenv/versions/2.7.0/lib/ruby/gems/2.7.0/gems/railties-6.0.2.2/lib/rails/templates/rails/welcome/index.html.erb
  Rendered /Users/madhavpokhrel/.rbenv/versions/2.7.0/lib/ruby/gems/2.7.0/gems/railties-6.0.2.2/lib/rails/templates/rails/welcome/index.html.erb (Duration: 11.9ms | Allocations: 410)
Completed 200 OK in 39ms (Views: 26.6ms | ActiveRecord: 0.0ms | Allocations: 2264)


Started GET "/favicon.ico" for ::1 at 2020-04-03 11:08:22 -0400
  
ActionController::RoutingError (No route matches [GET] "/favicon.ico"):
  
actionpack (6.0.2.2) lib/action_dispatch/middleware/debug_exceptions.rb:36:in `call'
actionpack (6.0.2.2) lib/action_dispatch/middleware/show_exceptions.rb:33:in `call'
railties (6.0.2.2) lib/rails/rack/logger.rb:38:in `call_app'
railties (6.0.2.2) lib/rails/rack/logger.rb:26:in `block in call'
activesupport (6.0.2.2) lib/active_support/tagged_logging.rb:80:in `block in tagged'
activesupport (6.0.2.2) lib/active_support/tagged_logging.rb:28:in `tagged'
activesupport (6.0.2.2) lib/active_support/tagged_logging.rb:80:in `tagged'
railties (6.0.2.2) lib/rails/rack/logger.rb:26:in `call'
actionpack (6.0.2.2) lib/action_dispatch/middleware/remote_ip.rb:81:in `call'
actionpack (6.0.2.2) lib/action_dispatch/middleware/request_id.rb:27:in `call'
rack (2.2.2) lib/rack/runtime.rb:22:in `call'
activesupport (6.0.2.2) lib/active_support/cache/strategy/local_cache_middleware.rb:29:in `call'
actionpack (6.0.2.2) lib/action_dispatch/middleware/executor.rb:14:in `call'
actionpack (6.0.2.2) lib/action_dispatch/middleware/static.rb:126:in `call'
rack (2.2.2) lib/rack/sendfile.rb:110:in `call'
actionpack (6.0.2.2) lib/action_dispatch/middleware/host_authorization.rb:83:in `call'
railties (6.0.2.2) lib/rails/engine.rb:526:in `call'
puma (4.3.3) lib/puma/configuration.rb:228:in `call'
puma (4.3.3) lib/puma/server.rb:682:in `handle_request'
puma (4.3.3) lib/puma/server.rb:472:in `process_client'
puma (4.3.3) lib/puma/server.rb:328:in `block in run'
puma (4.3.3) lib/puma/thread_pool.rb:134:in `block in spawn_thread'
Started GET "/stories" for ::1 at 2020-04-03 11:08:28 -0400
Processing by StoriesController#index as HTML
  [1m[36mStory Load (39.4ms)[0m  [1m[34mSELECT "stories".* FROM "stories"[0m
  ↳ app/controllers/stories_controller.rb:8:in `index'
Completed 200 OK in 218ms (Views: 32.5ms | ActiveRecord: 172.0ms | Allocations: 4157)


Started GET "/stories" for ::1 at 2020-04-03 11:09:56 -0400
Processing by StoriesController#index as HTML
  [1m[36mStory Load (16.4ms)[0m  [1m[34mSELECT "stories".* FROM "stories"[0m
  ↳ app/controllers/stories_controller.rb:8:in `index'
Completed 200 OK in 24ms (Views: 5.9ms | ActiveRecord: 16.4ms | Allocations: 903)


  [1m[35m (0.2ms)[0m  [1m[35mBEGIN[0m
  [1m[36mStory Create (0.6ms)[0m  [1m[32mINSERT INTO "stories" ("name", "body", "created_at", "updated_at") VALUES ($1, $2, $3, $4) RETURNING "id"[0m  [["name", "William"], ["body", "Testing"], ["created_at", "2020-04-03 15:34:02.540128"], ["updated_at", "2020-04-03 15:34:02.540128"]]
  [1m[35m (12.1ms)[0m  [1m[35mCOMMIT[0m
  [1m[35m (0.1ms)[0m  [1m[35mBEGIN[0m
  [1m[36mStory Create (0.4ms)[0m  [1m[32mINSERT INTO "stories" ("name", "body", "created_at", "updated_at") VALUES ($1, $2, $3, $4) RETURNING "id"[0m  [["name", "John"], ["body", "Corona...What?"], ["created_at", "2020-04-03 15:34:41.934122"], ["updated_at", "2020-04-03 15:34:41.934122"]]
  [1m[35m (6.4ms)[0m  [1m[35mCOMMIT[0m
  [1m[35m (0.3ms)[0m  [1m[35mBEGIN[0m
  [1m[36mStory Create (0.5ms)[0m  [1m[32mINSERT INTO "stories" ("name", "body", "created_at", "updated_at") VALUES ($1, $2, $3, $4) RETURNING "id"[0m  [["name", "Mike"], ["body", "Coronavirus or covid-19"], ["created_at", "2020-04-03 15:35:19.223448"], ["updated_at", "2020-04-03 15:35:19.223448"]]
  [1m[35m (11.6ms)[0m  [1m[35mCOMMIT[0m
  [1m[36mStory Load (0.4ms)[0m  [1m[34mSELECT "stories".* FROM "stories" LIMIT $1[0m  [["LIMIT", 11]]
  [1m[35m (0.2ms)[0m  [1m[35mBEGIN[0m
  [1m[36mStory Create (0.5ms)[0m  [1m[32mINSERT INTO "stories" ("name", "body", "created_at", "updated_at") VALUES ($1, $2, $3, $4) RETURNING "id"[0m  [["name", "Rick"], ["body", "Sample test"], ["created_at", "2020-04-03 15:36:20.931829"], ["updated_at", "2020-04-03 15:36:20.931829"]]
  [1m[35m (1.4ms)[0m  [1m[35mCOMMIT[0m
  [1m[35m (19.4ms)[0m  [1m[35mBEGIN[0m
  [1m[36mStory Create (3.3ms)[0m  [1m[32mINSERT INTO "stories" ("name", "body", "created_at", "updated_at") VALUES ($1, $2, $3, $4) RETURNING "id"[0m  [["name", "Mark"], ["body", "Be safe from corona virus"], ["created_at", "2020-04-03 15:36:59.846351"], ["updated_at", "2020-04-03 15:36:59.846351"]]
  [1m[35m (6.5ms)[0m  [1m[35mCOMMIT[0m
Started GET "/stories" for ::1 at 2020-04-03 11:37:20 -0400
  [1m[35m (1.8ms)[0m  [1m[34mSELECT "schema_migrations"."version" FROM "schema_migrations" ORDER BY "schema_migrations"."version" ASC[0m
Processing by StoriesController#index as HTML
  [1m[36mStory Load (100.2ms)[0m  [1m[34mSELECT "stories".* FROM "stories"[0m
  ↳ app/controllers/stories_controller.rb:8:in `index'
Completed 200 OK in 266ms (Views: 32.7ms | ActiveRecord: 164.9ms | Allocations: 4616)


Started GET "/babel/parser/lib/index.js" for 127.0.0.1 at 2020-04-03 14:35:26 -0400
  [1m[35m (1.3ms)[0m  [1m[34mSELECT "schema_migrations"."version" FROM "schema_migrations" ORDER BY "schema_migrations"."version" ASC[0m
  
ActionController::RoutingError (No route matches [GET] "/babel/parser/lib/index.js"):
  
actionpack (6.0.2.2) lib/action_dispatch/middleware/debug_exceptions.rb:36:in `call'
actionpack (6.0.2.2) lib/action_dispatch/middleware/show_exceptions.rb:33:in `call'
railties (6.0.2.2) lib/rails/rack/logger.rb:38:in `call_app'
railties (6.0.2.2) lib/rails/rack/logger.rb:26:in `block in call'
activesupport (6.0.2.2) lib/active_support/tagged_logging.rb:80:in `block in tagged'
activesupport (6.0.2.2) lib/active_support/tagged_logging.rb:28:in `tagged'
activesupport (6.0.2.2) lib/active_support/tagged_logging.rb:80:in `tagged'
railties (6.0.2.2) lib/rails/rack/logger.rb:26:in `call'
actionpack (6.0.2.2) lib/action_dispatch/middleware/remote_ip.rb:81:in `call'
actionpack (6.0.2.2) lib/action_dispatch/middleware/request_id.rb:27:in `call'
rack (2.2.2) lib/rack/runtime.rb:22:in `call'
activesupport (6.0.2.2) lib/active_support/cache/strategy/local_cache_middleware.rb:29:in `call'
actionpack (6.0.2.2) lib/action_dispatch/middleware/executor.rb:14:in `call'
actionpack (6.0.2.2) lib/action_dispatch/middleware/static.rb:126:in `call'
rack (2.2.2) lib/rack/sendfile.rb:110:in `call'
actionpack (6.0.2.2) lib/action_dispatch/middleware/host_authorization.rb:83:in `call'
rack-cors (1.1.1) lib/rack/cors.rb:100:in `call'
railties (6.0.2.2) lib/rails/engine.rb:526:in `call'
puma (4.3.3) lib/puma/configuration.rb:228:in `call'
puma (4.3.3) lib/puma/server.rb:682:in `handle_request'
puma (4.3.3) lib/puma/server.rb:472:in `process_client'
puma (4.3.3) lib/puma/server.rb:328:in `block in run'
puma (4.3.3) lib/puma/thread_pool.rb:134:in `block in spawn_thread'
Started GET "/stories" for ::1 at 2020-04-03 14:35:57 -0400
Processing by StoriesController#index as */*
  [1m[36mStory Load (2.4ms)[0m  [1m[34mSELECT "stories".* FROM "stories"[0m
  ↳ app/controllers/stories_controller.rb:8:in `index'
Completed 200 OK in 92ms (Views: 22.9ms | ActiveRecord: 66.4ms | Allocations: 4633)


Started GET "/stories" for ::1 at 2020-04-03 14:36:00 -0400
Processing by StoriesController#index as */*
  [1m[36mStory Load (0.8ms)[0m  [1m[34mSELECT "stories".* FROM "stories"[0m
  ↳ app/controllers/stories_controller.rb:8:in `index'
Completed 200 OK in 8ms (Views: 6.5ms | ActiveRecord: 0.8ms | Allocations: 1442)


Started GET "/stories" for ::1 at 2020-04-03 14:36:03 -0400
Processing by StoriesController#index as */*
  [1m[36mStory Load (1.5ms)[0m  [1m[34mSELECT "stories".* FROM "stories"[0m
  ↳ app/controllers/stories_controller.rb:8:in `index'
Completed 200 OK in 9ms (Views: 7.4ms | ActiveRecord: 1.5ms | Allocations: 1442)


Started GET "/stories" for ::1 at 2020-04-03 14:36:06 -0400
Processing by StoriesController#index as */*
  [1m[36mStory Load (16.2ms)[0m  [1m[34mSELECT "stories".* FROM "stories"[0m
  ↳ app/controllers/stories_controller.rb:8:in `index'
Completed 200 OK in 22ms (Views: 4.7ms | ActiveRecord: 16.2ms | Allocations: 1425)


Started GET "/stories" for ::1 at 2020-04-03 14:36:08 -0400
Processing by StoriesController#index as */*
  [1m[36mStory Load (5.6ms)[0m  [1m[34mSELECT "stories".* FROM "stories"[0m
  ↳ app/controllers/stories_controller.rb:8:in `index'
Completed 200 OK in 10ms (Views: 3.9ms | ActiveRecord: 5.6ms | Allocations: 1442)


Started GET "/stories" for ::1 at 2020-04-03 14:38:33 -0400
Processing by StoriesController#index as */*
  [1m[36mStory Load (0.4ms)[0m  [1m[34mSELECT "stories".* FROM "stories"[0m
  ↳ app/controllers/stories_controller.rb:8:in `index'
Completed 200 OK in 4ms (Views: 3.6ms | ActiveRecord: 0.4ms | Allocations: 1424)


  [1m[35m (6.7ms)[0m  [1m[35mBEGIN[0m
  [1m[36mStory Create (22.7ms)[0m  [1m[32mINSERT INTO "stories" ("name", "body", "created_at", "updated_at") VALUES ($1, $2, $3, $4) RETURNING "id"[0m  [["name", "Testing"], ["body", "Testing for coronavirus"], ["created_at", "2020-04-03 19:05:35.317869"], ["updated_at", "2020-04-03 19:05:35.317869"]]
  [1m[35m (24.9ms)[0m  [1m[35mCOMMIT[0m
Started GET "/stories" for ::1 at 2020-04-03 15:05:54 -0400
  [1m[35m (0.8ms)[0m  [1m[34mSELECT "schema_migrations"."version" FROM "schema_migrations" ORDER BY "schema_migrations"."version" ASC[0m
Processing by StoriesController#index as HTML
  [1m[36mStory Load (0.5ms)[0m  [1m[34mSELECT "stories".* FROM "stories"[0m
  ↳ app/controllers/stories_controller.rb:8:in `index'
Completed 200 OK in 21ms (Views: 14.7ms | ActiveRecord: 4.2ms | Allocations: 4722)


Started GET "/stories" for ::1 at 2020-04-03 15:09:04 -0400
Processing by StoriesController#index as */*
  [1m[36mStory Load (0.4ms)[0m  [1m[34mSELECT "stories".* FROM "stories"[0m
  ↳ app/controllers/stories_controller.rb:8:in `index'
Completed 200 OK in 8ms (Views: 6.7ms | ActiveRecord: 0.4ms | Allocations: 1550)


Started GET "/stories" for ::1 at 2020-04-03 15:23:45 -0400
Processing by StoriesController#index as */*
  [1m[36mStory Load (2.5ms)[0m  [1m[34mSELECT "stories".* FROM "stories"[0m
  ↳ app/controllers/stories_controller.rb:8:in `index'
Completed 200 OK in 31ms (Views: 28.5ms | ActiveRecord: 2.5ms | Allocations: 1618)


Started GET "/stories" for ::1 at 2020-04-03 15:26:21 -0400
Processing by StoriesController#index as */*
  [1m[36mStory Load (11.8ms)[0m  [1m[34mSELECT "stories".* FROM "stories"[0m
  ↳ app/controllers/stories_controller.rb:8:in `index'
Completed 200 OK in 17ms (Views: 5.2ms | ActiveRecord: 11.8ms | Allocations: 1549)


Started GET "/stories" for ::1 at 2020-04-03 15:29:13 -0400
Processing by StoriesController#index as HTML
  [1m[36mStory Load (0.8ms)[0m  [1m[34mSELECT "stories".* FROM "stories"[0m
  ↳ app/controllers/stories_controller.rb:8:in `index'
Completed 200 OK in 5ms (Views: 4.1ms | ActiveRecord: 0.8ms | Allocations: 1529)


Started GET "/stories" for ::1 at 2020-04-03 15:32:26 -0400
Processing by StoriesController#index as */*
  [1m[36mStory Load (1.8ms)[0m  [1m[34mSELECT "stories".* FROM "stories"[0m
  ↳ app/controllers/stories_controller.rb:8:in `index'
Completed 200 OK in 7ms (Views: 4.5ms | ActiveRecord: 1.8ms | Allocations: 1531)


Started GET "/stories" for ::1 at 2020-04-03 15:33:47 -0400
Processing by StoriesController#index as */*
  [1m[36mStory Load (0.9ms)[0m  [1m[34mSELECT "stories".* FROM "stories"[0m
  ↳ app/controllers/stories_controller.rb:8:in `index'
Completed 200 OK in 11ms (Views: 9.0ms | ActiveRecord: 0.9ms | Allocations: 1532)


Started GET "/stories" for ::1 at 2020-04-03 15:37:22 -0400
Processing by StoriesController#index as */*
  [1m[36mStory Load (16.9ms)[0m  [1m[34mSELECT "stories".* FROM "stories"[0m
  ↳ app/controllers/stories_controller.rb:8:in `index'
Completed 200 OK in 31ms (Views: 13.5ms | ActiveRecord: 16.9ms | Allocations: 1531)


Started GET "/stories" for ::1 at 2020-04-03 15:43:23 -0400
Processing by StoriesController#index as */*
  [1m[36mStory Load (2.3ms)[0m  [1m[34mSELECT "stories".* FROM "stories"[0m
  ↳ app/controllers/stories_controller.rb:8:in `index'
Completed 200 OK in 19ms (Views: 16.0ms | ActiveRecord: 2.3ms | Allocations: 1605)


Started GET "/stories" for ::1 at 2020-04-03 15:43:53 -0400
Processing by StoriesController#index as */*
  [1m[36mStory Load (18.5ms)[0m  [1m[34mSELECT "stories".* FROM "stories"[0m
  ↳ app/controllers/stories_controller.rb:8:in `index'
Completed 200 OK in 32ms (Views: 11.1ms | ActiveRecord: 18.5ms | Allocations: 1549)


Started GET "/stories" for ::1 at 2020-04-03 15:43:59 -0400
Processing by StoriesController#index as */*
  [1m[36mStory Load (4.5ms)[0m  [1m[34mSELECT "stories".* FROM "stories"[0m
  ↳ app/controllers/stories_controller.rb:8:in `index'
Completed 200 OK in 15ms (Views: 10.4ms | ActiveRecord: 4.5ms | Allocations: 1531)


Started GET "/stories" for ::1 at 2020-04-03 15:44:03 -0400
Processing by StoriesController#index as */*
  [1m[36mStory Load (0.5ms)[0m  [1m[34mSELECT "stories".* FROM "stories"[0m
  ↳ app/controllers/stories_controller.rb:8:in `index'
Completed 200 OK in 16ms (Views: 12.3ms | ActiveRecord: 0.5ms | Allocations: 1531)


Started GET "/stories" for ::1 at 2020-04-03 15:44:48 -0400
  [1m[35m (1.2ms)[0m  [1m[34mSELECT "schema_migrations"."version" FROM "schema_migrations" ORDER BY "schema_migrations"."version" ASC[0m
Processing by StoriesController#index as */*
  [1m[36mStory Load (0.5ms)[0m  [1m[34mSELECT "stories".* FROM "stories"[0m
  ↳ app/controllers/stories_controller.rb:8:in `index'
Completed 200 OK in 23ms (Views: 13.0ms | ActiveRecord: 7.4ms | Allocations: 4724)


Started GET "/stories" for ::1 at 2020-04-03 15:44:51 -0400
Processing by StoriesController#index as */*
  [1m[36mStory Load (0.5ms)[0m  [1m[34mSELECT "stories".* FROM "stories"[0m
  ↳ app/controllers/stories_controller.rb:8:in `index'
Completed 200 OK in 6ms (Views: 4.6ms | ActiveRecord: 0.5ms | Allocations: 1549)


Started GET "/stories" for ::1 at 2020-04-03 15:45:00 -0400
Processing by StoriesController#index as */*
  [1m[36mStory Load (0.4ms)[0m  [1m[34mSELECT "stories".* FROM "stories"[0m
  ↳ app/controllers/stories_controller.rb:8:in `index'
Completed 200 OK in 6ms (Views: 4.9ms | ActiveRecord: 0.4ms | Allocations: 1550)


Started GET "/stories" for ::1 at 2020-04-03 15:45:02 -0400
Processing by StoriesController#index as */*
  [1m[36mStory Load (15.0ms)[0m  [1m[34mSELECT "stories".* FROM "stories"[0m
  ↳ app/controllers/stories_controller.rb:8:in `index'
Completed 200 OK in 41ms (Views: 24.4ms | ActiveRecord: 15.0ms | Allocations: 1550)


Started GET "/stories" for ::1 at 2020-04-03 15:45:04 -0400
Processing by StoriesController#index as */*
  [1m[36mStory Load (1.1ms)[0m  [1m[34mSELECT "stories".* FROM "stories"[0m
  ↳ app/controllers/stories_controller.rb:8:in `index'
Completed 200 OK in 8ms (Views: 6.5ms | ActiveRecord: 1.1ms | Allocations: 1549)


Started GET "/stories" for ::1 at 2020-04-03 15:45:15 -0400
Processing by StoriesController#index as */*
  [1m[36mStory Load (1.9ms)[0m  [1m[34mSELECT "stories".* FROM "stories"[0m
  ↳ app/controllers/stories_controller.rb:8:in `index'
Completed 200 OK in 9ms (Views: 6.0ms | ActiveRecord: 1.9ms | Allocations: 1531)


Started GET "/stories" for ::1 at 2020-04-03 15:45:17 -0400
Processing by StoriesController#index as */*
  [1m[36mStory Load (1.1ms)[0m  [1m[34mSELECT "stories".* FROM "stories"[0m
  ↳ app/controllers/stories_controller.rb:8:in `index'
Completed 200 OK in 5ms (Views: 4.1ms | ActiveRecord: 1.1ms | Allocations: 1531)


Started GET "/stories" for ::1 at 2020-04-03 15:45:22 -0400
Processing by StoriesController#index as */*
  [1m[36mStory Load (26.0ms)[0m  [1m[34mSELECT "stories".* FROM "stories"[0m
  ↳ app/controllers/stories_controller.rb:8:in `index'
Completed 200 OK in 42ms (Views: 15.7ms | ActiveRecord: 26.0ms | Allocations: 1531)


Started GET "/stories" for ::1 at 2020-04-03 15:45:27 -0400
Processing by StoriesController#index as */*
  [1m[36mStory Load (3.0ms)[0m  [1m[34mSELECT "stories".* FROM "stories"[0m
  ↳ app/controllers/stories_controller.rb:8:in `index'
Completed 200 OK in 8ms (Views: 4.7ms | ActiveRecord: 3.0ms | Allocations: 1531)


Started GET "/stories" for ::1 at 2020-04-03 15:45:47 -0400
Processing by StoriesController#index as */*
  [1m[36mStory Load (21.2ms)[0m  [1m[34mSELECT "stories".* FROM "stories"[0m
  ↳ app/controllers/stories_controller.rb:8:in `index'
Completed 200 OK in 31ms (Views: 8.3ms | ActiveRecord: 21.2ms | Allocations: 1532)


Started GET "/stories" for ::1 at 2020-04-03 15:47:57 -0400
  [1m[35m (5.8ms)[0m  [1m[34mSELECT "schema_migrations"."version" FROM "schema_migrations" ORDER BY "schema_migrations"."version" ASC[0m
Processing by StoriesController#index as */*
  [1m[36mStory Load (0.6ms)[0m  [1m[34mSELECT "stories".* FROM "stories"[0m
  ↳ app/controllers/stories_controller.rb:8:in `index'
Completed 200 OK in 23ms (Views: 14.9ms | ActiveRecord: 6.3ms | Allocations: 4723)


Started DELETE "/posts/1" for ::1 at 2020-04-03 15:48:21 -0400
  
ActionController::RoutingError (No route matches [DELETE] "/posts/1"):
  
actionpack (6.0.2.2) lib/action_dispatch/middleware/debug_exceptions.rb:36:in `call'
actionpack (6.0.2.2) lib/action_dispatch/middleware/show_exceptions.rb:33:in `call'
railties (6.0.2.2) lib/rails/rack/logger.rb:38:in `call_app'
railties (6.0.2.2) lib/rails/rack/logger.rb:26:in `block in call'
activesupport (6.0.2.2) lib/active_support/tagged_logging.rb:80:in `block in tagged'
activesupport (6.0.2.2) lib/active_support/tagged_logging.rb:28:in `tagged'
activesupport (6.0.2.2) lib/active_support/tagged_logging.rb:80:in `tagged'
railties (6.0.2.2) lib/rails/rack/logger.rb:26:in `call'
actionpack (6.0.2.2) lib/action_dispatch/middleware/remote_ip.rb:81:in `call'
actionpack (6.0.2.2) lib/action_dispatch/middleware/request_id.rb:27:in `call'
rack (2.2.2) lib/rack/runtime.rb:22:in `call'
activesupport (6.0.2.2) lib/active_support/cache/strategy/local_cache_middleware.rb:29:in `call'
actionpack (6.0.2.2) lib/action_dispatch/middleware/executor.rb:14:in `call'
actionpack (6.0.2.2) lib/action_dispatch/middleware/static.rb:126:in `call'
rack (2.2.2) lib/rack/sendfile.rb:110:in `call'
actionpack (6.0.2.2) lib/action_dispatch/middleware/host_authorization.rb:83:in `call'
rack-cors (1.1.1) lib/rack/cors.rb:100:in `call'
railties (6.0.2.2) lib/rails/engine.rb:526:in `call'
puma (4.3.3) lib/puma/configuration.rb:228:in `call'
puma (4.3.3) lib/puma/server.rb:682:in `handle_request'
puma (4.3.3) lib/puma/server.rb:472:in `process_client'
puma (4.3.3) lib/puma/server.rb:328:in `block in run'
puma (4.3.3) lib/puma/thread_pool.rb:134:in `block in spawn_thread'
Started DELETE "/posts/2" for ::1 at 2020-04-03 15:48:23 -0400
  
ActionController::RoutingError (No route matches [DELETE] "/posts/2"):
  
actionpack (6.0.2.2) lib/action_dispatch/middleware/debug_exceptions.rb:36:in `call'
actionpack (6.0.2.2) lib/action_dispatch/middleware/show_exceptions.rb:33:in `call'
railties (6.0.2.2) lib/rails/rack/logger.rb:38:in `call_app'
railties (6.0.2.2) lib/rails/rack/logger.rb:26:in `block in call'
activesupport (6.0.2.2) lib/active_support/tagged_logging.rb:80:in `block in tagged'
activesupport (6.0.2.2) lib/active_support/tagged_logging.rb:28:in `tagged'
activesupport (6.0.2.2) lib/active_support/tagged_logging.rb:80:in `tagged'
railties (6.0.2.2) lib/rails/rack/logger.rb:26:in `call'
actionpack (6.0.2.2) lib/action_dispatch/middleware/remote_ip.rb:81:in `call'
actionpack (6.0.2.2) lib/action_dispatch/middleware/request_id.rb:27:in `call'
rack (2.2.2) lib/rack/runtime.rb:22:in `call'
activesupport (6.0.2.2) lib/active_support/cache/strategy/local_cache_middleware.rb:29:in `call'
actionpack (6.0.2.2) lib/action_dispatch/middleware/executor.rb:14:in `call'
actionpack (6.0.2.2) lib/action_dispatch/middleware/static.rb:126:in `call'
rack (2.2.2) lib/rack/sendfile.rb:110:in `call'
actionpack (6.0.2.2) lib/action_dispatch/middleware/host_authorization.rb:83:in `call'
rack-cors (1.1.1) lib/rack/cors.rb:100:in `call'
railties (6.0.2.2) lib/rails/engine.rb:526:in `call'
puma (4.3.3) lib/puma/configuration.rb:228:in `call'
puma (4.3.3) lib/puma/server.rb:682:in `handle_request'
puma (4.3.3) lib/puma/server.rb:472:in `process_client'
puma (4.3.3) lib/puma/server.rb:328:in `block in run'
puma (4.3.3) lib/puma/thread_pool.rb:134:in `block in spawn_thread'
Started GET "/stories" for ::1 at 2020-04-03 15:51:43 -0400
Processing by StoriesController#index as */*
  [1m[36mStory Load (10.3ms)[0m  [1m[34mSELECT "stories".* FROM "stories"[0m
  ↳ app/controllers/stories_controller.rb:8:in `index'
Completed 200 OK in 17ms (Views: 5.0ms | ActiveRecord: 10.3ms | Allocations: 1583)


Started POST "/stories" for ::1 at 2020-04-03 15:51:52 -0400
Processing by StoriesController#create as HTML
  Parameters: {"name"=>"Madhav new", "body"=>"Just for testing purpose", "id"=>1, "story"=>{"id"=>1, "name"=>"Madhav new", "body"=>"Just for testing purpose"}}
[31mUnpermitted parameter: :id[0m
  [1m[35m (0.3ms)[0m  [1m[35mBEGIN[0m
  ↳ app/controllers/stories_controller.rb:20:in `create'
  [1m[36mStory Create (3.6ms)[0m  [1m[32mINSERT INTO "stories" ("name", "body", "created_at", "updated_at") VALUES ($1, $2, $3, $4) RETURNING "id"[0m  [["name", "Madhav new"], ["body", "Just for testing purpose"], ["created_at", "2020-04-03 19:51:52.336579"], ["updated_at", "2020-04-03 19:51:52.336579"]]
  ↳ app/controllers/stories_controller.rb:20:in `create'
  [1m[35m (17.3ms)[0m  [1m[35mCOMMIT[0m
  ↳ app/controllers/stories_controller.rb:20:in `create'
Completed 201 Created in 35ms (Views: 1.5ms | ActiveRecord: 21.1ms | Allocations: 2605)


Started POST "/stories" for ::1 at 2020-04-03 15:52:05 -0400
Processing by StoriesController#create as HTML
  Parameters: {"name"=>"this is new", "body"=>"Just for testing purpose", "id"=>1, "story"=>{"id"=>1, "name"=>"this is new", "body"=>"Just for testing purpose"}}
[31mUnpermitted parameter: :id[0m
  [1m[35m (0.2ms)[0m  [1m[35mBEGIN[0m
  ↳ app/controllers/stories_controller.rb:20:in `create'
  [1m[36mStory Create (0.4ms)[0m  [1m[32mINSERT INTO "stories" ("name", "body", "created_at", "updated_at") VALUES ($1, $2, $3, $4) RETURNING "id"[0m  [["name", "this is new"], ["body", "Just for testing purpose"], ["created_at", "2020-04-03 19:52:05.344354"], ["updated_at", "2020-04-03 19:52:05.344354"]]
  ↳ app/controllers/stories_controller.rb:20:in `create'
  [1m[35m (11.7ms)[0m  [1m[35mCOMMIT[0m
  ↳ app/controllers/stories_controller.rb:20:in `create'
Completed 201 Created in 19ms (Views: 0.6ms | ActiveRecord: 12.3ms | Allocations: 2317)


Started POST "/stories" for ::1 at 2020-04-03 15:52:48 -0400
Processing by StoriesController#create as HTML
  Parameters: {"name"=>"This is very very new", "body"=>"I don't know what to include here", "id"=>nil, "story"=>{"id"=>nil, "name"=>"This is very very new", "body"=>"I don't know what to include here"}}
[31mUnpermitted parameter: :id[0m
  [1m[35m (1.7ms)[0m  [1m[35mBEGIN[0m
  ↳ app/controllers/stories_controller.rb:20:in `create'
  [1m[36mStory Create (0.3ms)[0m  [1m[32mINSERT INTO "stories" ("name", "body", "created_at", "updated_at") VALUES ($1, $2, $3, $4) RETURNING "id"[0m  [["name", "This is very very new"], ["body", "I don't know what to include here"], ["created_at", "2020-04-03 19:52:48.314754"], ["updated_at", "2020-04-03 19:52:48.314754"]]
  ↳ app/controllers/stories_controller.rb:20:in `create'
  [1m[35m (5.6ms)[0m  [1m[35mCOMMIT[0m
  ↳ app/controllers/stories_controller.rb:20:in `create'
Completed 201 Created in 22ms (Views: 0.7ms | ActiveRecord: 7.6ms | Allocations: 2330)


Started DELETE "/posts/10" for ::1 at 2020-04-03 15:53:07 -0400
  
ActionController::RoutingError (No route matches [DELETE] "/posts/10"):
  
actionpack (6.0.2.2) lib/action_dispatch/middleware/debug_exceptions.rb:36:in `call'
actionpack (6.0.2.2) lib/action_dispatch/middleware/show_exceptions.rb:33:in `call'
railties (6.0.2.2) lib/rails/rack/logger.rb:38:in `call_app'
railties (6.0.2.2) lib/rails/rack/logger.rb:26:in `block in call'
activesupport (6.0.2.2) lib/active_support/tagged_logging.rb:80:in `block in tagged'
activesupport (6.0.2.2) lib/active_support/tagged_logging.rb:28:in `tagged'
activesupport (6.0.2.2) lib/active_support/tagged_logging.rb:80:in `tagged'
railties (6.0.2.2) lib/rails/rack/logger.rb:26:in `call'
actionpack (6.0.2.2) lib/action_dispatch/middleware/remote_ip.rb:81:in `call'
actionpack (6.0.2.2) lib/action_dispatch/middleware/request_id.rb:27:in `call'
rack (2.2.2) lib/rack/runtime.rb:22:in `call'
activesupport (6.0.2.2) lib/active_support/cache/strategy/local_cache_middleware.rb:29:in `call'
actionpack (6.0.2.2) lib/action_dispatch/middleware/executor.rb:14:in `call'
actionpack (6.0.2.2) lib/action_dispatch/middleware/static.rb:126:in `call'
rack (2.2.2) lib/rack/sendfile.rb:110:in `call'
actionpack (6.0.2.2) lib/action_dispatch/middleware/host_authorization.rb:83:in `call'
rack-cors (1.1.1) lib/rack/cors.rb:100:in `call'
railties (6.0.2.2) lib/rails/engine.rb:526:in `call'
puma (4.3.3) lib/puma/configuration.rb:228:in `call'
puma (4.3.3) lib/puma/server.rb:682:in `handle_request'
puma (4.3.3) lib/puma/server.rb:472:in `process_client'
puma (4.3.3) lib/puma/server.rb:328:in `block in run'
puma (4.3.3) lib/puma/thread_pool.rb:134:in `block in spawn_thread'
Started POST "/stories" for ::1 at 2020-04-03 15:53:20 -0400
Processing by StoriesController#create as HTML
  Parameters: {"name"=>"this is new adsklfa new ", "body"=>"Just for testing purpose", "id"=>9, "story"=>{"id"=>9, "name"=>"this is new adsklfa new ", "body"=>"Just for testing purpose"}}
[31mUnpermitted parameter: :id[0m
  [1m[35m (0.2ms)[0m  [1m[35mBEGIN[0m
  ↳ app/controllers/stories_controller.rb:20:in `create'
  [1m[36mStory Create (0.4ms)[0m  [1m[32mINSERT INTO "stories" ("name", "body", "created_at", "updated_at") VALUES ($1, $2, $3, $4) RETURNING "id"[0m  [["name", "this is new adsklfa new "], ["body", "Just for testing purpose"], ["created_at", "2020-04-03 19:53:20.019429"], ["updated_at", "2020-04-03 19:53:20.019429"]]
  ↳ app/controllers/stories_controller.rb:20:in `create'
  [1m[35m (6.2ms)[0m  [1m[35mCOMMIT[0m
  ↳ app/controllers/stories_controller.rb:20:in `create'
Completed 201 Created in 11ms (Views: 0.4ms | ActiveRecord: 6.7ms | Allocations: 2316)


Started POST "/stories" for ::1 at 2020-04-03 15:53:48 -0400
Processing by StoriesController#create as HTML
  Parameters: {"name"=>"madhav and william ", "body"=>"team works", "id"=>nil, "story"=>{"id"=>nil, "name"=>"madhav and william ", "body"=>"team works"}}
[31mUnpermitted parameter: :id[0m
  [1m[35m (0.5ms)[0m  [1m[35mBEGIN[0m
  ↳ app/controllers/stories_controller.rb:20:in `create'
  [1m[36mStory Create (3.2ms)[0m  [1m[32mINSERT INTO "stories" ("name", "body", "created_at", "updated_at") VALUES ($1, $2, $3, $4) RETURNING "id"[0m  [["name", "madhav and william "], ["body", "team works"], ["created_at", "2020-04-03 19:53:48.089859"], ["updated_at", "2020-04-03 19:53:48.089859"]]
  ↳ app/controllers/stories_controller.rb:20:in `create'
  [1m[35m (7.4ms)[0m  [1m[35mCOMMIT[0m
  ↳ app/controllers/stories_controller.rb:20:in `create'
Completed 201 Created in 25ms (Views: 0.8ms | ActiveRecord: 11.0ms | Allocations: 2314)


Started POST "/stories" for ::1 at 2020-04-03 15:54:07 -0400
Processing by StoriesController#create as HTML
  Parameters: {"name"=>"madhav and william together work perfectly", "body"=>"team works we are awesme.. ", "id"=>12, "story"=>{"id"=>12, "name"=>"madhav and william together work perfectly", "body"=>"team works we are awesme.. "}}
[31mUnpermitted parameter: :id[0m
  [1m[35m (0.8ms)[0m  [1m[35mBEGIN[0m
  ↳ app/controllers/stories_controller.rb:20:in `create'
  [1m[36mStory Create (2.0ms)[0m  [1m[32mINSERT INTO "stories" ("name", "body", "created_at", "updated_at") VALUES ($1, $2, $3, $4) RETURNING "id"[0m  [["name", "madhav and william together work perfectly"], ["body", "team works we are awesme.. "], ["created_at", "2020-04-03 19:54:07.909829"], ["updated_at", "2020-04-03 19:54:07.909829"]]
  ↳ app/controllers/stories_controller.rb:20:in `create'
  [1m[35m (6.0ms)[0m  [1m[35mCOMMIT[0m
  ↳ app/controllers/stories_controller.rb:20:in `create'
Completed 201 Created in 18ms (Views: 0.4ms | ActiveRecord: 8.8ms | Allocations: 2331)


Started DELETE "/posts/12" for ::1 at 2020-04-03 15:54:51 -0400
  
ActionController::RoutingError (No route matches [DELETE] "/posts/12"):
  
actionpack (6.0.2.2) lib/action_dispatch/middleware/debug_exceptions.rb:36:in `call'
actionpack (6.0.2.2) lib/action_dispatch/middleware/show_exceptions.rb:33:in `call'
railties (6.0.2.2) lib/rails/rack/logger.rb:38:in `call_app'
railties (6.0.2.2) lib/rails/rack/logger.rb:26:in `block in call'
activesupport (6.0.2.2) lib/active_support/tagged_logging.rb:80:in `block in tagged'
activesupport (6.0.2.2) lib/active_support/tagged_logging.rb:28:in `tagged'
activesupport (6.0.2.2) lib/active_support/tagged_logging.rb:80:in `tagged'
railties (6.0.2.2) lib/rails/rack/logger.rb:26:in `call'
actionpack (6.0.2.2) lib/action_dispatch/middleware/remote_ip.rb:81:in `call'
actionpack (6.0.2.2) lib/action_dispatch/middleware/request_id.rb:27:in `call'
rack (2.2.2) lib/rack/runtime.rb:22:in `call'
activesupport (6.0.2.2) lib/active_support/cache/strategy/local_cache_middleware.rb:29:in `call'
actionpack (6.0.2.2) lib/action_dispatch/middleware/executor.rb:14:in `call'
actionpack (6.0.2.2) lib/action_dispatch/middleware/static.rb:126:in `call'
rack (2.2.2) lib/rack/sendfile.rb:110:in `call'
actionpack (6.0.2.2) lib/action_dispatch/middleware/host_authorization.rb:83:in `call'
rack-cors (1.1.1) lib/rack/cors.rb:100:in `call'
railties (6.0.2.2) lib/rails/engine.rb:526:in `call'
puma (4.3.3) lib/puma/configuration.rb:228:in `call'
puma (4.3.3) lib/puma/server.rb:682:in `handle_request'
puma (4.3.3) lib/puma/server.rb:472:in `process_client'
puma (4.3.3) lib/puma/server.rb:328:in `block in run'
puma (4.3.3) lib/puma/thread_pool.rb:134:in `block in spawn_thread'
Started POST "/stories" for ::1 at 2020-04-03 15:56:54 -0400
Processing by StoriesController#create as HTML
  Parameters: {"name"=>"we are", "body"=>"team works we are awesme.. ", "id"=>13, "story"=>{"id"=>13, "name"=>"we are", "body"=>"team works we are awesme.. "}}
[31mUnpermitted parameter: :id[0m
  [1m[35m (0.4ms)[0m  [1m[35mBEGIN[0m
  ↳ app/controllers/stories_controller.rb:20:in `create'
  [1m[36mStory Create (0.7ms)[0m  [1m[32mINSERT INTO "stories" ("name", "body", "created_at", "updated_at") VALUES ($1, $2, $3, $4) RETURNING "id"[0m  [["name", "we are"], ["body", "team works we are awesme.. "], ["created_at", "2020-04-03 19:56:54.754868"], ["updated_at", "2020-04-03 19:56:54.754868"]]
  ↳ app/controllers/stories_controller.rb:20:in `create'
  [1m[35m (7.6ms)[0m  [1m[35mCOMMIT[0m
  ↳ app/controllers/stories_controller.rb:20:in `create'
Completed 201 Created in 15ms (Views: 0.5ms | ActiveRecord: 8.7ms | Allocations: 2316)


Started GET "/stories" for ::1 at 2020-04-03 15:58:18 -0400
Processing by StoriesController#index as */*
  [1m[36mStory Load (2.7ms)[0m  [1m[34mSELECT "stories".* FROM "stories"[0m
  ↳ app/controllers/stories_controller.rb:8:in `index'
Completed 200 OK in 17ms (Views: 13.8ms | ActiveRecord: 2.7ms | Allocations: 2289)


Started GET "/stories" for ::1 at 2020-04-03 15:58:57 -0400
Processing by StoriesController#index as */*
  [1m[36mStory Load (111.0ms)[0m  [1m[34mSELECT "stories".* FROM "stories"[0m
  ↳ app/controllers/stories_controller.rb:8:in `index'
Completed 200 OK in 118ms (Views: 6.4ms | ActiveRecord: 111.0ms | Allocations: 2291)


Started POST "/stories" for ::1 at 2020-04-03 16:01:10 -0400
Processing by StoriesController#create as HTML
  Parameters: {"name"=>"madhav and william together work perfectly", "body"=>"team works we are awesme.. ", "id"=>13, "story"=>{"id"=>13, "name"=>"madhav and william together work perfectly", "body"=>"team works we are awesme.. "}}
[31mUnpermitted parameter: :id[0m
  [1m[35m (0.4ms)[0m  [1m[35mBEGIN[0m
  ↳ app/controllers/stories_controller.rb:20:in `create'
  [1m[36mStory Create (1.1ms)[0m  [1m[32mINSERT INTO "stories" ("name", "body", "created_at", "updated_at") VALUES ($1, $2, $3, $4) RETURNING "id"[0m  [["name", "madhav and william together work perfectly"], ["body", "team works we are awesme.. "], ["created_at", "2020-04-03 20:01:10.666321"], ["updated_at", "2020-04-03 20:01:10.666321"]]
  ↳ app/controllers/stories_controller.rb:20:in `create'
  [1m[35m (6.9ms)[0m  [1m[35mCOMMIT[0m
  ↳ app/controllers/stories_controller.rb:20:in `create'
Completed 201 Created in 20ms (Views: 0.5ms | ActiveRecord: 8.4ms | Allocations: 2316)


Started GET "/babel/parser/lib/index.js" for 127.0.0.1 at 2020-04-03 16:05:00 -0400
  
ActionController::RoutingError (No route matches [GET] "/babel/parser/lib/index.js"):
  
actionpack (6.0.2.2) lib/action_dispatch/middleware/debug_exceptions.rb:36:in `call'
actionpack (6.0.2.2) lib/action_dispatch/middleware/show_exceptions.rb:33:in `call'
railties (6.0.2.2) lib/rails/rack/logger.rb:38:in `call_app'
railties (6.0.2.2) lib/rails/rack/logger.rb:26:in `block in call'
activesupport (6.0.2.2) lib/active_support/tagged_logging.rb:80:in `block in tagged'
activesupport (6.0.2.2) lib/active_support/tagged_logging.rb:28:in `tagged'
activesupport (6.0.2.2) lib/active_support/tagged_logging.rb:80:in `tagged'
railties (6.0.2.2) lib/rails/rack/logger.rb:26:in `call'
actionpack (6.0.2.2) lib/action_dispatch/middleware/remote_ip.rb:81:in `call'
actionpack (6.0.2.2) lib/action_dispatch/middleware/request_id.rb:27:in `call'
rack (2.2.2) lib/rack/runtime.rb:22:in `call'
activesupport (6.0.2.2) lib/active_support/cache/strategy/local_cache_middleware.rb:29:in `call'
actionpack (6.0.2.2) lib/action_dispatch/middleware/executor.rb:14:in `call'
actionpack (6.0.2.2) lib/action_dispatch/middleware/static.rb:126:in `call'
rack (2.2.2) lib/rack/sendfile.rb:110:in `call'
actionpack (6.0.2.2) lib/action_dispatch/middleware/host_authorization.rb:83:in `call'
rack-cors (1.1.1) lib/rack/cors.rb:100:in `call'
railties (6.0.2.2) lib/rails/engine.rb:526:in `call'
puma (4.3.3) lib/puma/configuration.rb:228:in `call'
puma (4.3.3) lib/puma/server.rb:682:in `handle_request'
puma (4.3.3) lib/puma/server.rb:472:in `process_client'
puma (4.3.3) lib/puma/server.rb:328:in `block in run'
puma (4.3.3) lib/puma/thread_pool.rb:134:in `block in spawn_thread'
Started GET "/stories" for ::1 at 2020-04-03 16:06:08 -0400
Processing by StoriesController#index as */*
  [1m[36mStory Load (17.6ms)[0m  [1m[34mSELECT "stories".* FROM "stories"[0m
  ↳ app/controllers/stories_controller.rb:8:in `index'
Completed 200 OK in 36ms (Views: 17.4ms | ActiveRecord: 17.6ms | Allocations: 2400)


Started POST "/stories" for ::1 at 2020-04-03 16:06:24 -0400
Processing by StoriesController#create as HTML
  Parameters: {"name"=>"madhav and william together work perfectly", "body"=>"something new here", "id"=>15, "story"=>{"id"=>15, "name"=>"madhav and william together work perfectly", "body"=>"something new here"}}
[31mUnpermitted parameter: :id[0m
  [1m[35m (0.2ms)[0m  [1m[35mBEGIN[0m
  ↳ app/controllers/stories_controller.rb:20:in `create'
  [1m[36mStory Create (1.7ms)[0m  [1m[32mINSERT INTO "stories" ("name", "body", "created_at", "updated_at") VALUES ($1, $2, $3, $4) RETURNING "id"[0m  [["name", "madhav and william together work perfectly"], ["body", "something new here"], ["created_at", "2020-04-03 20:06:24.058653"], ["updated_at", "2020-04-03 20:06:24.058653"]]
  ↳ app/controllers/stories_controller.rb:20:in `create'
  [1m[35m (3.3ms)[0m  [1m[35mCOMMIT[0m
  ↳ app/controllers/stories_controller.rb:20:in `create'
Completed 201 Created in 20ms (Views: 0.5ms | ActiveRecord: 5.2ms | Allocations: 2317)


